2025-12-08 12:44:51,305 INFO [kafka-coordinator-heartbeat-thread | nifi-consumer-group] o.a.k.c.c.internals.AbstractCoordinator [Consumer clientId=consumer-1, groupId=nifi-consumer-group] Group coordinator broker:29092 (id: 2147483646 rack: null) is unavailable or invalid, will attempt rediscovery
2025-12-08 12:44:51,541 INFO [cluster-ClusterId{value='6933f5e83c924f12c1591e1e', description='null'}-mongo1:27017] org.mongodb.driver.cluster Monitor thread successfully connected to server with description ServerDescription{address=mongo1:27017, type=REPLICA_SET_SECONDARY, state=CONNECTED, ok=true, minWireVersion=0, maxWireVersion=27, maxDocumentSize=16777216, logicalSessionTimeoutMinutes=30, roundTripTimeNanos=880848, setName='rs0', canonicalAddress=mongo1:27017, hosts=[mongo2:27018, mongo1:27017, mongo3:27019], passives=[], arbiters=[], primary='mongo1:27017', tagSet=TagSet{[]}, electionId=7fffffff0000000000000017, setVersion=180747, topologyVersion=TopologyVersion{processId=6933f5a56a219b07eb79fc2a, counter=8}, lastWriteDate=Mon Dec 08 11:36:28 UTC 2025, lastUpdateTimeNanos=17808338891448}
2025-12-08 12:44:51,541 INFO [cluster-ClusterId{value='6933f5e83c924f12c1591e1e', description='null'}-mongo2:27018] org.mongodb.driver.cluster Monitor thread successfully connected to server with description ServerDescription{address=mongo2:27018, type=REPLICA_SET_OTHER, state=CONNECTED, ok=true, minWireVersion=0, maxWireVersion=27, maxDocumentSize=16777216, logicalSessionTimeoutMinutes=30, roundTripTimeNanos=829134, setName='rs0', canonicalAddress=mongo2:27018, hosts=[mongo2:27018, mongo1:27017, mongo3:27019], passives=[], arbiters=[], primary='mongo2:27018', tagSet=TagSet{[]}, electionId=7fffffff0000000000000016, setVersion=180747, topologyVersion=TopologyVersion{processId=6933f5a572872bb4ac970cc2, counter=6}, lastWriteDate=Mon Dec 08 11:36:28 UTC 2025, lastUpdateTimeNanos=17808265955139}
2025-12-08 12:44:51,967 INFO [cluster-ClusterId{value='6933f5e83c924f12c1591e1e', description='null'}-mongo1:27017] org.mongodb.driver.cluster Monitor thread successfully connected to server with description ServerDescription{address=mongo1:27017, type=REPLICA_SET_PRIMARY, state=CONNECTED, ok=true, minWireVersion=0, maxWireVersion=27, maxDocumentSize=16777216, logicalSessionTimeoutMinutes=30, roundTripTimeNanos=880848, setName='rs0', canonicalAddress=mongo1:27017, hosts=[mongo2:27018, mongo1:27017, mongo3:27019], passives=[], arbiters=[], primary='mongo1:27017', tagSet=TagSet{[]}, electionId=7fffffff0000000000000017, setVersion=180747, topologyVersion=TopologyVersion{processId=6933f5a56a219b07eb79fc2a, counter=9}, lastWriteDate=Mon Dec 08 12:44:51 UTC 2025, lastUpdateTimeNanos=17808769353036}
2025-12-08 12:44:51,970 INFO [cluster-ClusterId{value='6933f5e83c924f12c1591e1e', description='null'}-mongo2:27018] org.mongodb.driver.cluster Monitor thread successfully connected to server with description ServerDescription{address=mongo2:27018, type=REPLICA_SET_SECONDARY, state=CONNECTED, ok=true, minWireVersion=0, maxWireVersion=27, maxDocumentSize=16777216, logicalSessionTimeoutMinutes=30, roundTripTimeNanos=829134, setName='rs0', canonicalAddress=mongo2:27018, hosts=[mongo2:27018, mongo1:27017, mongo3:27019], passives=[], arbiters=[], primary='null', tagSet=TagSet{[]}, electionId=null, setVersion=180747, topologyVersion=TopologyVersion{processId=6933f5a572872bb4ac970cc2, counter=7}, lastWriteDate=Mon Dec 08 11:36:28 UTC 2025, lastUpdateTimeNanos=17808772437094}
2025-12-08 12:44:51,973 INFO [cluster-ClusterId{value='6933f5e83c924f12c1591e1e', description='null'}-mongo1:27017] org.mongodb.driver.cluster Discovered replica set primary mongo1:27017 with max election id 7fffffff0000000000000017 and max set version 180747
2025-12-08 12:44:52,188 INFO [Timer-Driven Process Thread-5] o.a.k.c.c.internals.AbstractCoordinator [Consumer clientId=consumer-1, groupId=nifi-consumer-group] Discovered group coordinator broker:29092 (id: 2147483646 rack: null)
2025-12-08 12:44:53,361 INFO [cluster-ClusterId{value='6933f5e83c924f12c1591e1e', description='null'}-mongo3:27019] org.mongodb.driver.cluster Monitor thread successfully connected to server with description ServerDescription{address=mongo3:27019, type=REPLICA_SET_SECONDARY, state=CONNECTED, ok=true, minWireVersion=0, maxWireVersion=27, maxDocumentSize=16777216, logicalSessionTimeoutMinutes=30, roundTripTimeNanos=690789, setName='rs0', canonicalAddress=mongo3:27019, hosts=[mongo2:27018, mongo1:27017, mongo3:27019], passives=[], arbiters=[], primary='mongo1:27017', tagSet=TagSet{[]}, electionId=null, setVersion=180747, topologyVersion=TopologyVersion{processId=6933f5a5fa207a6b16f3cdea, counter=7}, lastWriteDate=Mon Dec 08 12:44:51 UTC 2025, lastUpdateTimeNanos=17810162819901}
2025-12-08 12:45:01,479 INFO [cluster-ClusterId{value='6933f5e83c924f12c1591e1e', description='null'}-mongo2:27018] org.mongodb.driver.cluster Monitor thread successfully connected to server with description ServerDescription{address=mongo2:27018, type=REPLICA_SET_SECONDARY, state=CONNECTED, ok=true, minWireVersion=0, maxWireVersion=27, maxDocumentSize=16777216, logicalSessionTimeoutMinutes=30, roundTripTimeNanos=839980, setName='rs0', canonicalAddress=mongo2:27018, hosts=[mongo2:27018, mongo1:27017, mongo3:27019], passives=[], arbiters=[], primary='mongo1:27017', tagSet=TagSet{[]}, electionId=null, setVersion=180747, topologyVersion=TopologyVersion{processId=6933f5a572872bb4ac970cc2, counter=7}, lastWriteDate=Mon Dec 08 12:44:51 UTC 2025, lastUpdateTimeNanos=17818280899622}
2025-12-08 12:45:08,500 INFO [pool-7-thread-1] o.a.n.c.r.WriteAheadFlowFileRepository Initiating checkpoint of FlowFile Repository
2025-12-08 12:45:08,501 INFO [pool-7-thread-1] o.a.n.c.r.WriteAheadFlowFileRepository Successfully checkpointed FlowFile Repository with 112 records in 0 milliseconds
2025-12-08 12:45:14,594 INFO [Cleanup Archive for default] o.a.n.c.repository.FileSystemRepository Successfully deleted 0 files (0 bytes) from archive
2025-12-08 12:45:14,595 INFO [Cleanup Archive for default] o.a.n.c.repository.FileSystemRepository Archive cleanup completed for container default; will now allow writing to this container. Bytes used = 460.55 GB, bytes free = 15.1 GB, capacity = 475.64 GB
2025-12-08 12:45:28,500 INFO [pool-7-thread-1] o.a.n.c.r.WriteAheadFlowFileRepository Initiating checkpoint of FlowFile Repository
2025-12-08 12:45:28,501 INFO [pool-7-thread-1] o.a.n.c.r.WriteAheadFlowFileRepository Successfully checkpointed FlowFile Repository with 112 records in 0 milliseconds
2025-12-08 12:45:48,500 INFO [pool-7-thread-1] o.a.n.c.r.WriteAheadFlowFileRepository Initiating checkpoint of FlowFile Repository
2025-12-08 12:45:48,501 INFO [pool-7-thread-1] o.a.n.c.r.WriteAheadFlowFileRepository Successfully checkpointed FlowFile Repository with 112 records in 0 milliseconds
2025-12-08 12:46:08,502 INFO [pool-7-thread-1] o.a.n.c.r.WriteAheadFlowFileRepository Initiating checkpoint of FlowFile Repository
2025-12-08 12:46:08,503 INFO [pool-7-thread-1] o.a.n.c.r.WriteAheadFlowFileRepository Successfully checkpointed FlowFile Repository with 112 records in 0 milliseconds
2025-12-08 12:46:15,222 INFO [Cleanup Archive for default] o.a.n.c.repository.FileSystemRepository Successfully deleted 0 files (0 bytes) from archive
2025-12-08 12:46:15,223 INFO [Cleanup Archive for default] o.a.n.c.repository.FileSystemRepository Archive cleanup completed for container default; will now allow writing to this container. Bytes used = 460.78 GB, bytes free = 14.86 GB, capacity = 475.64 GB
2025-12-08 12:46:24,176 INFO [Write-Ahead Local State Provider Maintenance] org.wali.MinimalLockingWriteAheadLog org.wali.MinimalLockingWriteAheadLog@ac71bd7 checkpointed with 4 Records and 0 Swap Files in 221 milliseconds (Stop-the-world time = 78 milliseconds, Clear Edit Logs time = 131 millis), max Transaction ID 69
2025-12-08 12:46:28,502 INFO [pool-7-thread-1] o.a.n.c.r.WriteAheadFlowFileRepository Initiating checkpoint of FlowFile Repository
2025-12-08 12:46:28,504 INFO [pool-7-thread-1] o.a.n.c.r.WriteAheadFlowFileRepository Successfully checkpointed FlowFile Repository with 112 records in 0 milliseconds
2025-12-08 12:46:48,502 INFO [pool-7-thread-1] o.a.n.c.r.WriteAheadFlowFileRepository Initiating checkpoint of FlowFile Repository
2025-12-08 12:46:48,504 INFO [pool-7-thread-1] o.a.n.c.r.WriteAheadFlowFileRepository Successfully checkpointed FlowFile Repository with 112 records in 0 milliseconds
2025-12-08 12:47:08,505 INFO [pool-7-thread-1] o.a.n.c.r.WriteAheadFlowFileRepository Initiating checkpoint of FlowFile Repository
2025-12-08 12:47:08,507 INFO [pool-7-thread-1] o.a.n.c.r.WriteAheadFlowFileRepository Successfully checkpointed FlowFile Repository with 112 records in 0 milliseconds
2025-12-08 12:47:15,826 INFO [Cleanup Archive for default] o.a.n.c.repository.FileSystemRepository Successfully deleted 0 files (0 bytes) from archive
2025-12-08 12:47:15,827 INFO [Cleanup Archive for default] o.a.n.c.repository.FileSystemRepository Archive cleanup completed for container default; will now allow writing to this container. Bytes used = 460.79 GB, bytes free = 14.86 GB, capacity = 475.64 GB
2025-12-08 12:47:28,506 INFO [pool-7-thread-1] o.a.n.c.r.WriteAheadFlowFileRepository Initiating checkpoint of FlowFile Repository
2025-12-08 12:47:28,507 INFO [pool-7-thread-1] o.a.n.c.r.WriteAheadFlowFileRepository Successfully checkpointed FlowFile Repository with 112 records in 0 milliseconds
2025-12-08 12:47:48,507 INFO [pool-7-thread-1] o.a.n.c.r.WriteAheadFlowFileRepository Initiating checkpoint of FlowFile Repository
2025-12-08 12:47:48,508 INFO [pool-7-thread-1] o.a.n.c.r.WriteAheadFlowFileRepository Successfully checkpointed FlowFile Repository with 112 records in 0 milliseconds
2025-12-08 12:48:08,509 INFO [pool-7-thread-1] o.a.n.c.r.WriteAheadFlowFileRepository Initiating checkpoint of FlowFile Repository
2025-12-08 12:48:08,511 INFO [pool-7-thread-1] o.a.n.c.r.WriteAheadFlowFileRepository Successfully checkpointed FlowFile Repository with 112 records in 0 milliseconds
2025-12-08 12:48:16,433 INFO [Cleanup Archive for default] o.a.n.c.repository.FileSystemRepository Successfully deleted 0 files (0 bytes) from archive
2025-12-08 12:48:16,434 INFO [Cleanup Archive for default] o.a.n.c.repository.FileSystemRepository Archive cleanup completed for container default; will now allow writing to this container. Bytes used = 460.79 GB, bytes free = 14.86 GB, capacity = 475.64 GB
2025-12-08 12:48:24,407 INFO [Write-Ahead Local State Provider Maintenance] org.wali.MinimalLockingWriteAheadLog org.wali.MinimalLockingWriteAheadLog@ac71bd7 checkpointed with 4 Records and 0 Swap Files in 237 milliseconds (Stop-the-world time = 74 milliseconds, Clear Edit Logs time = 149 millis), max Transaction ID 69
2025-12-08 12:48:28,510 INFO [pool-7-thread-1] o.a.n.c.r.WriteAheadFlowFileRepository Initiating checkpoint of FlowFile Repository
2025-12-08 12:48:28,511 INFO [pool-7-thread-1] o.a.n.c.r.WriteAheadFlowFileRepository Successfully checkpointed FlowFile Repository with 112 records in 0 milliseconds
2025-12-08 12:48:48,510 INFO [pool-7-thread-1] o.a.n.c.r.WriteAheadFlowFileRepository Initiating checkpoint of FlowFile Repository
2025-12-08 12:48:48,512 INFO [pool-7-thread-1] o.a.n.c.r.WriteAheadFlowFileRepository Successfully checkpointed FlowFile Repository with 112 records in 0 milliseconds
2025-12-08 12:49:08,512 INFO [pool-7-thread-1] o.a.n.c.r.WriteAheadFlowFileRepository Initiating checkpoint of FlowFile Repository
2025-12-08 12:49:08,513 INFO [pool-7-thread-1] o.a.n.c.r.WriteAheadFlowFileRepository Successfully checkpointed FlowFile Repository with 112 records in 0 milliseconds
2025-12-08 12:49:17,069 INFO [Cleanup Archive for default] o.a.n.c.repository.FileSystemRepository Successfully deleted 0 files (0 bytes) from archive
2025-12-08 12:49:17,069 INFO [Cleanup Archive for default] o.a.n.c.repository.FileSystemRepository Archive cleanup completed for container default; will now allow writing to this container. Bytes used = 460.79 GB, bytes free = 14.85 GB, capacity = 475.64 GB
2025-12-08 12:49:28,512 INFO [pool-7-thread-1] o.a.n.c.r.WriteAheadFlowFileRepository Initiating checkpoint of FlowFile Repository
2025-12-08 12:49:28,513 INFO [pool-7-thread-1] o.a.n.c.r.WriteAheadFlowFileRepository Successfully checkpointed FlowFile Repository with 112 records in 0 milliseconds
2025-12-08 12:49:48,512 INFO [pool-7-thread-1] o.a.n.c.r.WriteAheadFlowFileRepository Initiating checkpoint of FlowFile Repository
2025-12-08 12:49:48,512 INFO [pool-7-thread-1] o.a.n.c.r.WriteAheadFlowFileRepository Successfully checkpointed FlowFile Repository with 112 records in 0 milliseconds
2025-12-08 12:50:08,514 INFO [pool-7-thread-1] o.a.n.c.r.WriteAheadFlowFileRepository Initiating checkpoint of FlowFile Repository
2025-12-08 12:50:08,515 INFO [pool-7-thread-1] o.a.n.c.r.WriteAheadFlowFileRepository Successfully checkpointed FlowFile Repository with 112 records in 0 milliseconds
2025-12-08 12:50:17,662 INFO [Cleanup Archive for default] o.a.n.c.repository.FileSystemRepository Successfully deleted 0 files (0 bytes) from archive
2025-12-08 12:50:17,662 INFO [Cleanup Archive for default] o.a.n.c.repository.FileSystemRepository Archive cleanup completed for container default; will now allow writing to this container. Bytes used = 460.79 GB, bytes free = 14.85 GB, capacity = 475.64 GB
2025-12-08 12:50:24,645 INFO [Write-Ahead Local State Provider Maintenance] org.wali.MinimalLockingWriteAheadLog org.wali.MinimalLockingWriteAheadLog@ac71bd7 checkpointed with 4 Records and 0 Swap Files in 245 milliseconds (Stop-the-world time = 97 milliseconds, Clear Edit Logs time = 133 millis), max Transaction ID 71
2025-12-08 12:50:28,514 INFO [pool-7-thread-1] o.a.n.c.r.WriteAheadFlowFileRepository Initiating checkpoint of FlowFile Repository
2025-12-08 12:50:28,515 INFO [pool-7-thread-1] o.a.n.c.r.WriteAheadFlowFileRepository Successfully checkpointed FlowFile Repository with 112 records in 0 milliseconds
2025-12-08 12:50:48,515 INFO [pool-7-thread-1] o.a.n.c.r.WriteAheadFlowFileRepository Initiating checkpoint of FlowFile Repository
2025-12-08 12:50:48,516 INFO [pool-7-thread-1] o.a.n.c.r.WriteAheadFlowFileRepository Successfully checkpointed FlowFile Repository with 112 records in 0 milliseconds
2025-12-08 12:51:08,517 INFO [pool-7-thread-1] o.a.n.c.r.WriteAheadFlowFileRepository Initiating checkpoint of FlowFile Repository
2025-12-08 12:51:08,518 INFO [pool-7-thread-1] o.a.n.c.r.WriteAheadFlowFileRepository Successfully checkpointed FlowFile Repository with 112 records in 0 milliseconds
2025-12-08 12:51:18,261 INFO [Cleanup Archive for default] o.a.n.c.repository.FileSystemRepository Successfully deleted 0 files (0 bytes) from archive
2025-12-08 12:51:18,262 INFO [Cleanup Archive for default] o.a.n.c.repository.FileSystemRepository Archive cleanup completed for container default; will now allow writing to this container. Bytes used = 460.8 GB, bytes free = 14.84 GB, capacity = 475.64 GB
2025-12-08 12:51:28,517 INFO [pool-7-thread-1] o.a.n.c.r.WriteAheadFlowFileRepository Initiating checkpoint of FlowFile Repository
2025-12-08 12:51:28,519 INFO [pool-7-thread-1] o.a.n.c.r.WriteAheadFlowFileRepository Successfully checkpointed FlowFile Repository with 112 records in 0 milliseconds
2025-12-08 12:51:48,518 INFO [pool-7-thread-1] o.a.n.c.r.WriteAheadFlowFileRepository Initiating checkpoint of FlowFile Repository
2025-12-08 12:51:48,520 INFO [pool-7-thread-1] o.a.n.c.r.WriteAheadFlowFileRepository Successfully checkpointed FlowFile Repository with 112 records in 0 milliseconds
2025-12-08 12:52:08,521 INFO [pool-7-thread-1] o.a.n.c.r.WriteAheadFlowFileRepository Initiating checkpoint of FlowFile Repository
2025-12-08 12:52:08,522 INFO [pool-7-thread-1] o.a.n.c.r.WriteAheadFlowFileRepository Successfully checkpointed FlowFile Repository with 112 records in 0 milliseconds
2025-12-08 12:52:18,928 INFO [Cleanup Archive for default] o.a.n.c.repository.FileSystemRepository Successfully deleted 0 files (0 bytes) from archive
2025-12-08 12:52:18,928 INFO [Cleanup Archive for default] o.a.n.c.repository.FileSystemRepository Archive cleanup completed for container default; will now allow writing to this container. Bytes used = 460.81 GB, bytes free = 14.84 GB, capacity = 475.64 GB
2025-12-08 12:52:24,871 INFO [Write-Ahead Local State Provider Maintenance] org.wali.MinimalLockingWriteAheadLog org.wali.MinimalLockingWriteAheadLog@ac71bd7 checkpointed with 4 Records and 0 Swap Files in 232 milliseconds (Stop-the-world time = 67 milliseconds, Clear Edit Logs time = 143 millis), max Transaction ID 71
2025-12-08 12:52:28,520 INFO [pool-7-thread-1] o.a.n.c.r.WriteAheadFlowFileRepository Initiating checkpoint of FlowFile Repository
2025-12-08 12:52:28,521 INFO [pool-7-thread-1] o.a.n.c.r.WriteAheadFlowFileRepository Successfully checkpointed FlowFile Repository with 112 records in 0 milliseconds
2025-12-08 12:52:48,520 INFO [pool-7-thread-1] o.a.n.c.r.WriteAheadFlowFileRepository Initiating checkpoint of FlowFile Repository
2025-12-08 12:52:48,521 INFO [pool-7-thread-1] o.a.n.c.r.WriteAheadFlowFileRepository Successfully checkpointed FlowFile Repository with 112 records in 0 milliseconds
2025-12-08 12:53:08,522 INFO [pool-7-thread-1] o.a.n.c.r.WriteAheadFlowFileRepository Initiating checkpoint of FlowFile Repository
2025-12-08 12:53:08,538 INFO [pool-7-thread-1] o.a.n.c.r.WriteAheadFlowFileRepository Successfully checkpointed FlowFile Repository with 112 records in 0 milliseconds
2025-12-08 12:53:19,559 INFO [Cleanup Archive for default] o.a.n.c.repository.FileSystemRepository Successfully deleted 0 files (0 bytes) from archive
2025-12-08 12:53:19,560 INFO [Cleanup Archive for default] o.a.n.c.repository.FileSystemRepository Archive cleanup completed for container default; will now allow writing to this container. Bytes used = 460.81 GB, bytes free = 14.83 GB, capacity = 475.64 GB
2025-12-08 12:53:28,536 INFO [pool-7-thread-1] o.a.n.c.r.WriteAheadFlowFileRepository Initiating checkpoint of FlowFile Repository
2025-12-08 12:53:28,538 INFO [pool-7-thread-1] o.a.n.c.r.WriteAheadFlowFileRepository Successfully checkpointed FlowFile Repository with 112 records in 0 milliseconds
2025-12-08 12:53:48,536 INFO [pool-7-thread-1] o.a.n.c.r.WriteAheadFlowFileRepository Initiating checkpoint of FlowFile Repository
2025-12-08 12:53:48,537 INFO [pool-7-thread-1] o.a.n.c.r.WriteAheadFlowFileRepository Successfully checkpointed FlowFile Repository with 112 records in 0 milliseconds
2025-12-08 12:54:08,538 INFO [pool-7-thread-1] o.a.n.c.r.WriteAheadFlowFileRepository Initiating checkpoint of FlowFile Repository
2025-12-08 12:54:08,539 INFO [pool-7-thread-1] o.a.n.c.r.WriteAheadFlowFileRepository Successfully checkpointed FlowFile Repository with 112 records in 0 milliseconds
2025-12-08 12:54:20,222 INFO [Cleanup Archive for default] o.a.n.c.repository.FileSystemRepository Successfully deleted 0 files (0 bytes) from archive
2025-12-08 12:54:20,222 INFO [Cleanup Archive for default] o.a.n.c.repository.FileSystemRepository Archive cleanup completed for container default; will now allow writing to this container. Bytes used = 460.82 GB, bytes free = 14.82 GB, capacity = 475.64 GB
2025-12-08 12:54:25,108 INFO [Write-Ahead Local State Provider Maintenance] org.wali.MinimalLockingWriteAheadLog org.wali.MinimalLockingWriteAheadLog@ac71bd7 checkpointed with 4 Records and 0 Swap Files in 243 milliseconds (Stop-the-world time = 68 milliseconds, Clear Edit Logs time = 153 millis), max Transaction ID 71
2025-12-08 12:54:28,537 INFO [pool-7-thread-1] o.a.n.c.r.WriteAheadFlowFileRepository Initiating checkpoint of FlowFile Repository
2025-12-08 12:54:28,538 INFO [pool-7-thread-1] o.a.n.c.r.WriteAheadFlowFileRepository Successfully checkpointed FlowFile Repository with 112 records in 0 milliseconds
2025-12-08 12:54:48,538 INFO [pool-7-thread-1] o.a.n.c.r.WriteAheadFlowFileRepository Initiating checkpoint of FlowFile Repository
2025-12-08 12:54:48,539 INFO [pool-7-thread-1] o.a.n.c.r.WriteAheadFlowFileRepository Successfully checkpointed FlowFile Repository with 112 records in 0 milliseconds
2025-12-08 12:55:08,540 INFO [pool-7-thread-1] o.a.n.c.r.WriteAheadFlowFileRepository Initiating checkpoint of FlowFile Repository
2025-12-08 12:55:08,542 INFO [pool-7-thread-1] o.a.n.c.r.WriteAheadFlowFileRepository Successfully checkpointed FlowFile Repository with 112 records in 0 milliseconds
2025-12-08 12:55:20,877 INFO [Cleanup Archive for default] o.a.n.c.repository.FileSystemRepository Successfully deleted 0 files (0 bytes) from archive
2025-12-08 12:55:20,878 INFO [Cleanup Archive for default] o.a.n.c.repository.FileSystemRepository Archive cleanup completed for container default; will now allow writing to this container. Bytes used = 460.83 GB, bytes free = 14.81 GB, capacity = 475.64 GB
2025-12-08 12:55:28,541 INFO [pool-7-thread-1] o.a.n.c.r.WriteAheadFlowFileRepository Initiating checkpoint of FlowFile Repository
2025-12-08 12:55:28,542 INFO [pool-7-thread-1] o.a.n.c.r.WriteAheadFlowFileRepository Successfully checkpointed FlowFile Repository with 112 records in 0 milliseconds
2025-12-08 12:55:48,541 INFO [pool-7-thread-1] o.a.n.c.r.WriteAheadFlowFileRepository Initiating checkpoint of FlowFile Repository
2025-12-08 12:55:48,542 INFO [pool-7-thread-1] o.a.n.c.r.WriteAheadFlowFileRepository Successfully checkpointed FlowFile Repository with 112 records in 0 milliseconds
2025-12-08 12:56:08,543 INFO [pool-7-thread-1] o.a.n.c.r.WriteAheadFlowFileRepository Initiating checkpoint of FlowFile Repository
2025-12-08 12:56:08,544 INFO [pool-7-thread-1] o.a.n.c.r.WriteAheadFlowFileRepository Successfully checkpointed FlowFile Repository with 112 records in 0 milliseconds
2025-12-08 12:56:21,525 INFO [Cleanup Archive for default] o.a.n.c.repository.FileSystemRepository Successfully deleted 0 files (0 bytes) from archive
2025-12-08 12:56:21,526 INFO [Cleanup Archive for default] o.a.n.c.repository.FileSystemRepository Archive cleanup completed for container default; will now allow writing to this container. Bytes used = 460.84 GB, bytes free = 14.81 GB, capacity = 475.64 GB
2025-12-08 12:56:25,351 INFO [Write-Ahead Local State Provider Maintenance] org.wali.MinimalLockingWriteAheadLog org.wali.MinimalLockingWriteAheadLog@ac71bd7 checkpointed with 4 Records and 0 Swap Files in 248 milliseconds (Stop-the-world time = 70 milliseconds, Clear Edit Logs time = 156 millis), max Transaction ID 71
2025-12-08 12:56:28,544 INFO [pool-7-thread-1] o.a.n.c.r.WriteAheadFlowFileRepository Initiating checkpoint of FlowFile Repository
2025-12-08 12:56:28,545 INFO [pool-7-thread-1] o.a.n.c.r.WriteAheadFlowFileRepository Successfully checkpointed FlowFile Repository with 112 records in 0 milliseconds
2025-12-08 12:56:48,543 INFO [pool-7-thread-1] o.a.n.c.r.WriteAheadFlowFileRepository Initiating checkpoint of FlowFile Repository
2025-12-08 12:56:48,545 INFO [pool-7-thread-1] o.a.n.c.r.WriteAheadFlowFileRepository Successfully checkpointed FlowFile Repository with 112 records in 0 milliseconds
2025-12-08 12:57:08,545 INFO [pool-7-thread-1] o.a.n.c.r.WriteAheadFlowFileRepository Initiating checkpoint of FlowFile Repository
2025-12-08 12:57:08,547 INFO [pool-7-thread-1] o.a.n.c.r.WriteAheadFlowFileRepository Successfully checkpointed FlowFile Repository with 112 records in 0 milliseconds
2025-12-08 12:57:22,187 INFO [Cleanup Archive for default] o.a.n.c.repository.FileSystemRepository Successfully deleted 0 files (0 bytes) from archive
2025-12-08 12:57:22,188 INFO [Cleanup Archive for default] o.a.n.c.repository.FileSystemRepository Archive cleanup completed for container default; will now allow writing to this container. Bytes used = 460.84 GB, bytes free = 14.8 GB, capacity = 475.64 GB
2025-12-08 12:57:28,546 INFO [pool-7-thread-1] o.a.n.c.r.WriteAheadFlowFileRepository Initiating checkpoint of FlowFile Repository
2025-12-08 12:57:28,547 INFO [pool-7-thread-1] o.a.n.c.r.WriteAheadFlowFileRepository Successfully checkpointed FlowFile Repository with 112 records in 0 milliseconds
2025-12-08 12:57:48,546 INFO [pool-7-thread-1] o.a.n.c.r.WriteAheadFlowFileRepository Initiating checkpoint of FlowFile Repository
2025-12-08 12:57:48,548 INFO [pool-7-thread-1] o.a.n.c.r.WriteAheadFlowFileRepository Successfully checkpointed FlowFile Repository with 112 records in 0 milliseconds
2025-12-08 12:58:08,548 INFO [pool-7-thread-1] o.a.n.c.r.WriteAheadFlowFileRepository Initiating checkpoint of FlowFile Repository
2025-12-08 12:58:08,549 INFO [pool-7-thread-1] o.a.n.c.r.WriteAheadFlowFileRepository Successfully checkpointed FlowFile Repository with 112 records in 0 milliseconds
2025-12-08 12:58:22,848 INFO [Cleanup Archive for default] o.a.n.c.repository.FileSystemRepository Successfully deleted 0 files (0 bytes) from archive
2025-12-08 12:58:22,849 INFO [Cleanup Archive for default] o.a.n.c.repository.FileSystemRepository Archive cleanup completed for container default; will now allow writing to this container. Bytes used = 460.86 GB, bytes free = 14.79 GB, capacity = 475.64 GB
2025-12-08 12:58:25,581 INFO [Write-Ahead Local State Provider Maintenance] org.wali.MinimalLockingWriteAheadLog org.wali.MinimalLockingWriteAheadLog@ac71bd7 checkpointed with 4 Records and 0 Swap Files in 237 milliseconds (Stop-the-world time = 67 milliseconds, Clear Edit Logs time = 153 millis), max Transaction ID 71
2025-12-08 12:58:28,547 INFO [pool-7-thread-1] o.a.n.c.r.WriteAheadFlowFileRepository Initiating checkpoint of FlowFile Repository
2025-12-08 12:58:28,549 INFO [pool-7-thread-1] o.a.n.c.r.WriteAheadFlowFileRepository Successfully checkpointed FlowFile Repository with 112 records in 0 milliseconds
2025-12-08 12:58:48,548 INFO [pool-7-thread-1] o.a.n.c.r.WriteAheadFlowFileRepository Initiating checkpoint of FlowFile Repository
2025-12-08 12:58:48,549 INFO [pool-7-thread-1] o.a.n.c.r.WriteAheadFlowFileRepository Successfully checkpointed FlowFile Repository with 112 records in 0 milliseconds
2025-12-08 12:59:08,551 INFO [pool-7-thread-1] o.a.n.c.r.WriteAheadFlowFileRepository Initiating checkpoint of FlowFile Repository
2025-12-08 12:59:08,552 INFO [pool-7-thread-1] o.a.n.c.r.WriteAheadFlowFileRepository Successfully checkpointed FlowFile Repository with 112 records in 0 milliseconds
2025-12-08 12:59:23,538 INFO [Cleanup Archive for default] o.a.n.c.repository.FileSystemRepository Successfully deleted 0 files (0 bytes) from archive
2025-12-08 12:59:23,539 INFO [Cleanup Archive for default] o.a.n.c.repository.FileSystemRepository Archive cleanup completed for container default; will now allow writing to this container. Bytes used = 460.86 GB, bytes free = 14.78 GB, capacity = 475.64 GB
2025-12-08 12:59:28,552 INFO [pool-7-thread-1] o.a.n.c.r.WriteAheadFlowFileRepository Initiating checkpoint of FlowFile Repository
2025-12-08 12:59:28,553 INFO [pool-7-thread-1] o.a.n.c.r.WriteAheadFlowFileRepository Successfully checkpointed FlowFile Repository with 112 records in 0 milliseconds
2025-12-08 12:59:48,552 INFO [pool-7-thread-1] o.a.n.c.r.WriteAheadFlowFileRepository Initiating checkpoint of FlowFile Repository
2025-12-08 12:59:48,553 INFO [pool-7-thread-1] o.a.n.c.r.WriteAheadFlowFileRepository Successfully checkpointed FlowFile Repository with 112 records in 0 milliseconds
